cd src/ && ( test -e Makefile || /opt/homebrew/opt/qt@5/bin/qmake -o Makefile /Users/jerry/lpzrobots_mac/guilogger/src/src.pro ) && /Applications/Xcode-beta.app/Contents/Developer/usr/bin/make -f Makefile 
/Applications/Xcode-beta.app/Contents/Developer/Toolchains/XcodeDefault.xctoolchain/usr/bin/clang++ -c -pipe -stdlib=libc++ -g -std=gnu++11  -arch arm64 -isysroot /Applications/Xcode-beta.app/Contents/Developer/Platforms/MacOSX.platform/Developer/SDKs/MacOSX26.0.sdk -mmacosx-version-min=10.13 -Wall -Wextra -fPIC -DQT_WIDGETS_LIB -DQT_GUI_LIB -DQT_CORE_LIB -I. -I/opt/homebrew/Cellar/qt@5/5.15.16_2/lib/QtWidgets.framework/Headers -I/opt/homebrew/Cellar/qt@5/5.15.16_2/lib/QtGui.framework/Headers -I/opt/homebrew/Cellar/qt@5/5.15.16_2/lib/QtCore.framework/Headers -I. -I/Applications/Xcode-beta.app/Contents/Developer/Platforms/MacOSX.platform/Developer/SDKs/MacOSX26.0.sdk/System/Library/Frameworks/OpenGL.framework/Headers -I/Applications/Xcode-beta.app/Contents/Developer/Platforms/MacOSX.platform/Developer/SDKs/MacOSX26.0.sdk/System/Library/Frameworks/AGL.framework/Headers/ -I/opt/homebrew/Cellar/qt@5/5.15.16_2/mkspecs/macx-clang -F/opt/homebrew/Cellar/qt@5/5.15.16_2/lib -o guilogger.o guilogger.cpp
In file included from guilogger.cpp:37:
./quickmp.h:584:75: warning: cast to 'void *' from smaller integer type 'unsigned int' [-Wint-to-void-pointer-cast]
  584 |                                         &threadAttributes, threadRoutine, (void*)threadIndex);
      |                                                                           ^~~~~~~~~~~~~~~~~~
guilogger.cpp:418:7: warning: object backing the pointer will be destroyed at the end of the full-expression [-Wdangling-gsl]
  418 |       FOREACHC(std::list<int>, plotInfos[i]->getVisibleChannels(), c){
      |       ^~~~~~~~~~~~~~~~~~~~~~~~~~~~~~~~~~~~~~~~~~~~~~~~~~~~~~~~~~~~~~~
./stl_adds.h:10:73: note: expanded from macro 'FOREACHC'
   10 | #define FOREACHC(colltype, coll, it) for( colltype::const_iterator it = (coll).begin(); it!= (coll).end() ; it++ )
      |                                                                         ^~~~~~
guilogger.cpp:610:7: warning: unused parameter 'parallelForLoopThreadIndexUniqueSymbol' [-Wunused-parameter]
  610 |       QMP_PARALLEL_FOR(i,0,plotwindows){
      |       ^
./quickmp.h:76:44: note: expanded from macro 'QMP_PARALLEL_FOR'
   76 |                         const unsigned int parallelForLoopThreadIndexUniqueSymbol, \
      |                                            ^
3 warnings generated.
/Applications/Xcode-beta.app/Contents/Developer/Toolchains/XcodeDefault.xctoolchain/usr/bin/clang++ -c -pipe -stdlib=libc++ -g -std=gnu++11  -arch arm64 -isysroot /Applications/Xcode-beta.app/Contents/Developer/Platforms/MacOSX.platform/Developer/SDKs/MacOSX26.0.sdk -mmacosx-version-min=10.13 -Wall -Wextra -fPIC -DQT_WIDGETS_LIB -DQT_GUI_LIB -DQT_CORE_LIB -I. -I/opt/homebrew/Cellar/qt@5/5.15.16_2/lib/QtWidgets.framework/Headers -I/opt/homebrew/Cellar/qt@5/5.15.16_2/lib/QtGui.framework/Headers -I/opt/homebrew/Cellar/qt@5/5.15.16_2/lib/QtCore.framework/Headers -I. -I/Applications/Xcode-beta.app/Contents/Developer/Platforms/MacOSX.platform/Developer/SDKs/MacOSX26.0.sdk/System/Library/Frameworks/OpenGL.framework/Headers -I/Applications/Xcode-beta.app/Contents/Developer/Platforms/MacOSX.platform/Developer/SDKs/MacOSX26.0.sdk/System/Library/Frameworks/AGL.framework/Headers/ -I/opt/homebrew/Cellar/qt@5/5.15.16_2/mkspecs/macx-clang -F/opt/homebrew/Cellar/qt@5/5.15.16_2/lib -o main.o main.cpp
/Applications/Xcode-beta.app/Contents/Developer/Toolchains/XcodeDefault.xctoolchain/usr/bin/clang++ -c -pipe -stdlib=libc++ -g -std=gnu++11  -arch arm64 -isysroot /Applications/Xcode-beta.app/Contents/Developer/Platforms/MacOSX.platform/Developer/SDKs/MacOSX26.0.sdk -mmacosx-version-min=10.13 -Wall -Wextra -fPIC -DQT_WIDGETS_LIB -DQT_GUI_LIB -DQT_CORE_LIB -I. -I/opt/homebrew/Cellar/qt@5/5.15.16_2/lib/QtWidgets.framework/Headers -I/opt/homebrew/Cellar/qt@5/5.15.16_2/lib/QtGui.framework/Headers -I/opt/homebrew/Cellar/qt@5/5.15.16_2/lib/QtCore.framework/Headers -I. -I/Applications/Xcode-beta.app/Contents/Developer/Platforms/MacOSX.platform/Developer/SDKs/MacOSX26.0.sdk/System/Library/Frameworks/OpenGL.framework/Headers -I/Applications/Xcode-beta.app/Contents/Developer/Platforms/MacOSX.platform/Developer/SDKs/MacOSX26.0.sdk/System/Library/Frameworks/AGL.framework/Headers/ -I/opt/homebrew/Cellar/qt@5/5.15.16_2/mkspecs/macx-clang -F/opt/homebrew/Cellar/qt@5/5.15.16_2/lib -o gnuplot.o gnuplot.cpp
gnuplot.cpp:29:5: warning: 'sprintf' is deprecated: This function is provided for compatibility reasons only.  Due to security concerns inherent in the design of sprintf(3), it is highly recommended that you use snprintf(3) instead. [-Wdeprecated-declarations]
   29 |     sprintf(cmd, "%s -geometry %ix%i -noraise >/dev/null 2>/dev/null", gnuplotcmd.toLatin1().constData(), w, h);
      |     ^
/Applications/Xcode-beta.app/Contents/Developer/Platforms/MacOSX.platform/Developer/SDKs/MacOSX26.0.sdk/usr/include/_stdio.h:278:1: note: 'sprintf' has been explicitly marked deprecated here
  278 | __deprecated_msg("This function is provided for compatibility reasons only.  Due to security concerns inherent in the design of sprintf(3), it is highly recommended that you use snprintf(3) instead.")
      | ^
/Applications/Xcode-beta.app/Contents/Developer/Platforms/MacOSX.platform/Developer/SDKs/MacOSX26.0.sdk/usr/include/sys/cdefs.h:227:48: note: expanded from macro '__deprecated_msg'
  227 |         #define __deprecated_msg(_msg) __attribute__((__deprecated__(_msg)))
      |                                                       ^
gnuplot.cpp:31:5: warning: 'sprintf' is deprecated: This function is provided for compatibility reasons only.  Due to security concerns inherent in the design of sprintf(3), it is highly recommended that you use snprintf(3) instead. [-Wdeprecated-declarations]
   31 |     sprintf(cmd, "%s -geometry %ix%i+%i+%i -noraise >/dev/null 2>/dev/null", gnuplotcmd.toLatin1().constData(), w, h, x, y);
      |     ^
/Applications/Xcode-beta.app/Contents/Developer/Platforms/MacOSX.platform/Developer/SDKs/MacOSX26.0.sdk/usr/include/_stdio.h:278:1: note: 'sprintf' has been explicitly marked deprecated here
  278 | __deprecated_msg("This function is provided for compatibility reasons only.  Due to security concerns inherent in the design of sprintf(3), it is highly recommended that you use snprintf(3) instead.")
      | ^
/Applications/Xcode-beta.app/Contents/Developer/Platforms/MacOSX.platform/Developer/SDKs/MacOSX26.0.sdk/usr/include/sys/cdefs.h:227:48: note: expanded from macro '__deprecated_msg'
  227 |         #define __deprecated_msg(_msg) __attribute__((__deprecated__(_msg)))
      |                                                       ^
2 warnings generated.
/Applications/Xcode-beta.app/Contents/Developer/Toolchains/XcodeDefault.xctoolchain/usr/bin/clang++ -c -pipe -stdlib=libc++ -g -std=gnu++11  -arch arm64 -isysroot /Applications/Xcode-beta.app/Contents/Developer/Platforms/MacOSX.platform/Developer/SDKs/MacOSX26.0.sdk -mmacosx-version-min=10.13 -Wall -Wextra -fPIC -DQT_WIDGETS_LIB -DQT_GUI_LIB -DQT_CORE_LIB -I. -I/opt/homebrew/Cellar/qt@5/5.15.16_2/lib/QtWidgets.framework/Headers -I/opt/homebrew/Cellar/qt@5/5.15.16_2/lib/QtGui.framework/Headers -I/opt/homebrew/Cellar/qt@5/5.15.16_2/lib/QtCore.framework/Headers -I. -I/Applications/Xcode-beta.app/Contents/Developer/Platforms/MacOSX.platform/Developer/SDKs/MacOSX26.0.sdk/System/Library/Frameworks/OpenGL.framework/Headers -I/Applications/Xcode-beta.app/Contents/Developer/Platforms/MacOSX.platform/Developer/SDKs/MacOSX26.0.sdk/System/Library/Frameworks/AGL.framework/Headers/ -I/opt/homebrew/Cellar/qt@5/5.15.16_2/mkspecs/macx-clang -F/opt/homebrew/Cellar/qt@5/5.15.16_2/lib -o filelogger.o filelogger.cpp
/Applications/Xcode-beta.app/Contents/Developer/Toolchains/XcodeDefault.xctoolchain/usr/bin/clang++ -c -pipe -stdlib=libc++ -g -std=gnu++11  -arch arm64 -isysroot /Applications/Xcode-beta.app/Contents/Developer/Platforms/MacOSX.platform/Developer/SDKs/MacOSX26.0.sdk -mmacosx-version-min=10.13 -Wall -Wextra -fPIC -DQT_WIDGETS_LIB -DQT_GUI_LIB -DQT_CORE_LIB -I. -I/opt/homebrew/Cellar/qt@5/5.15.16_2/lib/QtWidgets.framework/Headers -I/opt/homebrew/Cellar/qt@5/5.15.16_2/lib/QtGui.framework/Headers -I/opt/homebrew/Cellar/qt@5/5.15.16_2/lib/QtCore.framework/Headers -I. -I/Applications/Xcode-beta.app/Contents/Developer/Platforms/MacOSX.platform/Developer/SDKs/MacOSX26.0.sdk/System/Library/Frameworks/OpenGL.framework/Headers -I/Applications/Xcode-beta.app/Contents/Developer/Platforms/MacOSX.platform/Developer/SDKs/MacOSX26.0.sdk/System/Library/Frameworks/AGL.framework/Headers/ -I/opt/homebrew/Cellar/qt@5/5.15.16_2/mkspecs/macx-clang -F/opt/homebrew/Cellar/qt@5/5.15.16_2/lib -o qserialreader.o qserialreader.cpp
/Applications/Xcode-beta.app/Contents/Developer/Toolchains/XcodeDefault.xctoolchain/usr/bin/clang++ -c -pipe -stdlib=libc++ -g -std=gnu++11  -arch arm64 -isysroot /Applications/Xcode-beta.app/Contents/Developer/Platforms/MacOSX.platform/Developer/SDKs/MacOSX26.0.sdk -mmacosx-version-min=10.13 -Wall -Wextra -fPIC -DQT_WIDGETS_LIB -DQT_GUI_LIB -DQT_CORE_LIB -I. -I/opt/homebrew/Cellar/qt@5/5.15.16_2/lib/QtWidgets.framework/Headers -I/opt/homebrew/Cellar/qt@5/5.15.16_2/lib/QtGui.framework/Headers -I/opt/homebrew/Cellar/qt@5/5.15.16_2/lib/QtCore.framework/Headers -I. -I/Applications/Xcode-beta.app/Contents/Developer/Platforms/MacOSX.platform/Developer/SDKs/MacOSX26.0.sdk/System/Library/Frameworks/OpenGL.framework/Headers -I/Applications/Xcode-beta.app/Contents/Developer/Platforms/MacOSX.platform/Developer/SDKs/MacOSX26.0.sdk/System/Library/Frameworks/AGL.framework/Headers/ -I/opt/homebrew/Cellar/qt@5/5.15.16_2/mkspecs/macx-clang -F/opt/homebrew/Cellar/qt@5/5.15.16_2/lib -o qpipereader.o qpipereader.cpp
/Applications/Xcode-beta.app/Contents/Developer/Toolchains/XcodeDefault.xctoolchain/usr/bin/clang++ -c -pipe -stdlib=libc++ -g -std=gnu++11  -arch arm64 -isysroot /Applications/Xcode-beta.app/Contents/Developer/Platforms/MacOSX.platform/Developer/SDKs/MacOSX26.0.sdk -mmacosx-version-min=10.13 -Wall -Wextra -fPIC -DQT_WIDGETS_LIB -DQT_GUI_LIB -DQT_CORE_LIB -I. -I/opt/homebrew/Cellar/qt@5/5.15.16_2/lib/QtWidgets.framework/Headers -I/opt/homebrew/Cellar/qt@5/5.15.16_2/lib/QtGui.framework/Headers -I/opt/homebrew/Cellar/qt@5/5.15.16_2/lib/QtCore.framework/Headers -I. -I/Applications/Xcode-beta.app/Contents/Developer/Platforms/MacOSX.platform/Developer/SDKs/MacOSX26.0.sdk/System/Library/Frameworks/OpenGL.framework/Headers -I/Applications/Xcode-beta.app/Contents/Developer/Platforms/MacOSX.platform/Developer/SDKs/MacOSX26.0.sdk/System/Library/Frameworks/AGL.framework/Headers/ -I/opt/homebrew/Cellar/qt@5/5.15.16_2/mkspecs/macx-clang -F/opt/homebrew/Cellar/qt@5/5.15.16_2/lib -o inifile.o inifile.cpp
/Applications/Xcode-beta.app/Contents/Developer/Toolchains/XcodeDefault.xctoolchain/usr/bin/clang++ -c -pipe -stdlib=libc++ -g -std=gnu++11  -arch arm64 -isysroot /Applications/Xcode-beta.app/Contents/Developer/Platforms/MacOSX.platform/Developer/SDKs/MacOSX26.0.sdk -mmacosx-version-min=10.13 -Wall -Wextra -fPIC -DQT_WIDGETS_LIB -DQT_GUI_LIB -DQT_CORE_LIB -I. -I/opt/homebrew/Cellar/qt@5/5.15.16_2/lib/QtWidgets.framework/Headers -I/opt/homebrew/Cellar/qt@5/5.15.16_2/lib/QtGui.framework/Headers -I/opt/homebrew/Cellar/qt@5/5.15.16_2/lib/QtCore.framework/Headers -I. -I/Applications/Xcode-beta.app/Contents/Developer/Platforms/MacOSX.platform/Developer/SDKs/MacOSX26.0.sdk/System/Library/Frameworks/OpenGL.framework/Headers -I/Applications/Xcode-beta.app/Contents/Developer/Platforms/MacOSX.platform/Developer/SDKs/MacOSX26.0.sdk/System/Library/Frameworks/AGL.framework/Headers/ -I/opt/homebrew/Cellar/qt@5/5.15.16_2/mkspecs/macx-clang -F/opt/homebrew/Cellar/qt@5/5.15.16_2/lib -o stl_adds.o stl_adds.cpp
stl_adds.cpp:9:5: warning: 'sprintf' is deprecated: This function is provided for compatibility reasons only.  Due to security concerns inherent in the design of sprintf(3), it is highly recommended that you use snprintf(3) instead. [-Wdeprecated-declarations]
    9 |     sprintf(str,"%i", i);
      |     ^
/Applications/Xcode-beta.app/Contents/Developer/Platforms/MacOSX.platform/Developer/SDKs/MacOSX26.0.sdk/usr/include/_stdio.h:278:1: note: 'sprintf' has been explicitly marked deprecated here
  278 | __deprecated_msg("This function is provided for compatibility reasons only.  Due to security concerns inherent in the design of sprintf(3), it is highly recommended that you use snprintf(3) instead.")
      | ^
/Applications/Xcode-beta.app/Contents/Developer/Platforms/MacOSX.platform/Developer/SDKs/MacOSX26.0.sdk/usr/include/sys/cdefs.h:227:48: note: expanded from macro '__deprecated_msg'
  227 |         #define __deprecated_msg(_msg) __attribute__((__deprecated__(_msg)))
      |                                                       ^
1 warning generated.
/Applications/Xcode-beta.app/Contents/Developer/Toolchains/XcodeDefault.xctoolchain/usr/bin/clang++ -c -pipe -stdlib=libc++ -g -std=gnu++11  -arch arm64 -isysroot /Applications/Xcode-beta.app/Contents/Developer/Platforms/MacOSX.platform/Developer/SDKs/MacOSX26.0.sdk -mmacosx-version-min=10.13 -Wall -Wextra -fPIC -DQT_WIDGETS_LIB -DQT_GUI_LIB -DQT_CORE_LIB -I. -I/opt/homebrew/Cellar/qt@5/5.15.16_2/lib/QtWidgets.framework/Headers -I/opt/homebrew/Cellar/qt@5/5.15.16_2/lib/QtGui.framework/Headers -I/opt/homebrew/Cellar/qt@5/5.15.16_2/lib/QtCore.framework/Headers -I. -I/Applications/Xcode-beta.app/Contents/Developer/Platforms/MacOSX.platform/Developer/SDKs/MacOSX26.0.sdk/System/Library/Frameworks/OpenGL.framework/Headers -I/Applications/Xcode-beta.app/Contents/Developer/Platforms/MacOSX.platform/Developer/SDKs/MacOSX26.0.sdk/System/Library/Frameworks/AGL.framework/Headers/ -I/opt/homebrew/Cellar/qt@5/5.15.16_2/mkspecs/macx-clang -F/opt/homebrew/Cellar/qt@5/5.15.16_2/lib -o plotchannelstablemodel.o plotchannelstablemodel.cpp
plotchannelstablemodel.cpp:183:3: error: use of undeclared identifier 'reset'
  183 |   reset();
      |   ^
1 error generated.
make[1]: *** [plotchannelstablemodel.o] Error 1
make: *** [sub-src-make_first] Error 2
